--------------------------------------------------------------------------------
2014-10-03 23:56:09 <MAIN><Misha><ACT> Инициализация общих данных приложения
--------------------------------------------------------------------------------
2014-10-03 23:56:36 <MAIN><Misha><ACT> Инициализация общих данных приложения
--------------------------------------------------------------------------------
2014-10-03 23:57:05 <MAIN><Misha><ACT> Инициализация общих данных приложения
2014-10-03 23:57:05 <MAIN><Misha><ACT> Загрузка настроек соединения с сервером
2014-10-03 23:57:05 <MAIN><Misha><ACT> Обновление таблиц базы конфигурации
2014-10-03 23:57:05 <MAIN><Misha><ACT> Заполнение свойств входных каналов
2014-10-03 23:57:05 <MAIN><Misha><ACT> Вход в систему: admin (Администратор)
2014-10-03 23:58:23 <MAIN><Misha><ACT> Вход в систему: admin (Администратор)
--------------------------------------------------------------------------------
2014-10-03 23:59:19 <MAIN><Misha><ACT> Инициализация общих данных приложения
2014-10-03 23:59:19 <MAIN><Misha><ACT> Загрузка настроек соединения с сервером
2014-10-03 23:59:19 <MAIN><Misha><ACT> Обновление таблиц базы конфигурации
2014-10-03 23:59:19 <MAIN><Misha><ACT> Заполнение свойств входных каналов
2014-10-03 23:59:19 <MAIN><Misha><ACT> Вход в систему: admin (Администратор)
--------------------------------------------------------------------------------
2014-10-03 23:59:52 <MAIN><Misha><ACT> Инициализация общих данных приложения
2014-10-03 23:59:52 <MAIN><Misha><ACT> Загрузка настроек соединения с сервером
2014-10-03 23:59:52 <MAIN><Misha><ACT> Обновление таблиц базы конфигурации
2014-10-03 23:59:53 <MAIN><Misha><ACT> Заполнение свойств входных каналов
2014-10-03 23:59:53 <MAIN><Misha><ACT> Вход в систему: admin (Администратор)
--------------------------------------------------------------------------------
2014-10-04 00:01:44 <MAIN><Misha><ACT> Инициализация общих данных приложения
2014-10-04 00:01:44 <MAIN><Misha><ACT> Загрузка настроек соединения с сервером
2014-10-04 00:01:44 <MAIN><Misha><ACT> Обновление таблиц базы конфигурации
2014-10-04 00:01:45 <MAIN><Misha><ACT> Заполнение свойств входных каналов
2014-10-04 00:01:45 <MAIN><Misha><ACT> Вход в систему: admin (Администратор)
--------------------------------------------------------------------------------
2014-10-04 00:02:15 <MAIN><Misha><ACT> Инициализация общих данных приложения
2014-10-04 00:02:15 <MAIN><Misha><ACT> Загрузка настроек соединения с сервером
2014-10-04 00:02:16 <MAIN><Misha><ACT> Обновление таблиц базы конфигурации
2014-10-04 00:02:16 <MAIN><Misha><ACT> Заполнение свойств входных каналов
2014-10-04 00:02:16 <MAIN><Misha><ACT> Вход в систему: admin (Администратор)
--------------------------------------------------------------------------------
2014-10-05 23:59:12 <MAIN><Misha><ACT> Инициализация общих данных приложения
--------------------------------------------------------------------------------
2014-10-06 00:34:36 <MAIN><Misha><ACT> Инициализация общих данных приложения
2014-10-06 00:34:36 <MAIN><Misha><ACT> Загрузка настроек соединения с сервером
2014-10-06 00:34:37 <MAIN><Misha><ERR> Неудачная попытка входа в систему: admin - нет связи с сервером
--------------------------------------------------------------------------------
2014-10-06 00:35:23 <MAIN><Misha><ACT> Инициализация общих данных приложения
2014-10-06 00:35:23 <MAIN><Misha><ACT> Загрузка настроек соединения с сервером
2014-10-06 00:35:24 <MAIN><Misha><ERR> Неудачная попытка входа в систему: admin - нет связи с сервером
--------------------------------------------------------------------------------
2014-10-06 00:35:47 <MAIN><Misha><ACT> Инициализация общих данных приложения
2014-10-06 00:35:47 <MAIN><Misha><ACT> Загрузка настроек соединения с сервером
2014-10-06 00:35:48 <MAIN><Misha><ERR> Неудачная попытка входа в систему: admin - нет связи с сервером
2014-10-06 00:36:17 <MAIN><Misha><ERR> Неудачная попытка входа в систему: admin - нет связи с сервером
--------------------------------------------------------------------------------
2014-10-06 00:44:24 <MAIN><Misha><ACT> Инициализация общих данных приложения
2014-10-06 00:44:24 <MAIN><Misha><ACT> Загрузка настроек соединения с сервером
2014-10-06 00:44:25 <MAIN><Misha><ERR> Неудачная попытка входа в систему: admin - нет связи с сервером
2014-10-06 00:45:50 <MAIN><Misha><ACT> Обновление таблиц базы конфигурации
2014-10-06 00:45:51 <MAIN><Misha><ACT> Заполнение свойств входных каналов
2014-10-06 00:45:51 <MAIN><Misha><ACT> Вход в систему: admin (Администратор)
2014-10-06 00:45:59 <MAIN><Misha><ACT> Вход в систему: admin (Администратор)
--------------------------------------------------------------------------------
2014-10-06 00:55:08 <MAIN><Misha><ACT> Инициализация общих данных приложения
--------------------------------------------------------------------------------
2014-10-06 18:38:59 <MAIN><Misha><ACT> Инициализация общих данных приложения
